0 info it worked if it ends with ok
1 verbose cli [ '/usr/bin/node', '/usr/bin/npm', 'start' ]
2 info using npm@3.10.10
3 info using node@v6.11.3
4 verbose run-script [ 'prestart', 'start', 'poststart' ]
5 info lifecycle geekbookserver@1.0.0~prestart: geekbookserver@1.0.0
6 silly lifecycle geekbookserver@1.0.0~prestart: no script for prestart, continuing
7 info lifecycle geekbookserver@1.0.0~start: geekbookserver@1.0.0
8 verbose lifecycle geekbookserver@1.0.0~start: unsafe-perm in lifecycle true
9 verbose lifecycle geekbookserver@1.0.0~start: PATH: /usr/lib/node_modules/npm/bin/node-gyp-bin:/home/fserrano/Documents/FIU/Fall 2017/CEN4010/Team_Project/CEN_Team7/geekbook/node_modules/.bin:/usr/local/sbin:/usr/local/bin:/usr/sbin:/usr/bin:/sbin:/bin:/usr/games:/usr/local/games:/snap/bin:/usr/lib/jvm/java-8-oracle/bin:/usr/lib/jvm/java-8-oracle/db/bin:/usr/lib/jvm/java-8-oracle/jre/bin
10 verbose lifecycle geekbookserver@1.0.0~start: CWD: /home/fserrano/Documents/FIU/Fall 2017/CEN4010/Team_Project/CEN_Team7/geekbook
11 silly lifecycle geekbookserver@1.0.0~start: Args: [ '-c', 'nodemon server.js & react-scripts start' ]
12 info lifecycle geekbookserver@1.0.0~start: Failed to exec start script
13 verbose stack Error: geekbookserver@1.0.0 start: `nodemon server.js & react-scripts start`
13 verbose stack spawn ENOENT
13 verbose stack     at ChildProcess.<anonymous> (/usr/lib/node_modules/npm/lib/utils/spawn.js:33:16)
13 verbose stack     at emitTwo (events.js:106:13)
13 verbose stack     at ChildProcess.emit (events.js:191:7)
13 verbose stack     at maybeClose (internal/child_process.js:920:16)
13 verbose stack     at Process.ChildProcess._handle.onexit (internal/child_process.js:230:5)
14 verbose pkgid geekbookserver@1.0.0
15 verbose cwd /home/fserrano/Documents/FIU/Fall 2017/CEN4010/Team_Project/CEN_Team7/geekbook
16 error Linux 4.4.0-97-generic
17 error argv "/usr/bin/node" "/usr/bin/npm" "start"
18 error node v6.11.3
19 error npm  v3.10.10
20 error file sh
21 error code ELIFECYCLE
22 error errno ENOENT
23 error syscall spawn
24 error geekbookserver@1.0.0 start: `nodemon server.js & react-scripts start`
24 error spawn ENOENT
25 error Failed at the geekbookserver@1.0.0 start script 'nodemon server.js & react-scripts start'.
25 error Make sure you have the latest version of node.js and npm installed.
25 error If you do, this is most likely a problem with the geekbookserver package,
25 error not with npm itself.
25 error Tell the author that this fails on your system:
25 error     nodemon server.js & react-scripts start
25 error You can get information on how to open an issue for this project with:
25 error     npm bugs geekbookserver
25 error Or if that isn't available, you can get their info via:
25 error     npm owner ls geekbookserver
25 error There is likely additional logging output above.
26 verbose exit [ 1, true ]
